c:\users\unrea\source\repos\course project\course project\debug\vc142.pdb
c:\users\unrea\source\repos\course project\course project\debug\vc142.idb
c:\users\unrea\source\repos\course project\course project\debug\wf.nativecodeanalysis.sarif
c:\users\unrea\source\repos\course project\course project\debug\wf.nativecodeanalysis.xml
c:\users\unrea\source\repos\course project\course project\debug\rf.nativecodeanalysis.sarif
c:\users\unrea\source\repos\course project\course project\debug\rf.nativecodeanalysis.xml
c:\users\unrea\source\repos\course project\course project\debug\bidcreator.nativecodeanalysis.sarif
c:\users\unrea\source\repos\course project\course project\debug\bidcreator.nativecodeanalysis.xml
c:\users\unrea\source\repos\course project\course project\debug\ohm.nativecodeanalysis.sarif
c:\users\unrea\source\repos\course project\course project\debug\ohm.nativecodeanalysis.xml
c:\users\unrea\source\repos\course project\course project\debug\menu.nativecodeanalysis.sarif
c:\users\unrea\source\repos\course project\course project\debug\menu.nativecodeanalysis.xml
c:\users\unrea\source\repos\course project\course project\debug\deletefile.nativecodeanalysis.sarif
c:\users\unrea\source\repos\course project\course project\debug\deletefile.nativecodeanalysis.xml
c:\users\unrea\source\repos\course project\course project\debug\course project.nativecodeanalysis.sarif
c:\users\unrea\source\repos\course project\course project\debug\course project.nativecodeanalysis.xml
c:\users\unrea\source\repos\course project\course project\debug\bideditor.nativecodeanalysis.sarif
c:\users\unrea\source\repos\course project\course project\debug\bideditor.nativecodeanalysis.xml
c:\users\unrea\source\repos\course project\course project\debug\bideditor.obj
c:\users\unrea\source\repos\course project\course project\debug\course project.obj
c:\users\unrea\source\repos\course project\course project\debug\deletefile.obj
c:\users\unrea\source\repos\course project\course project\debug\menu.obj
c:\users\unrea\source\repos\course project\course project\debug\ohm.obj
c:\users\unrea\source\repos\course project\course project\debug\bidcreator.obj
c:\users\unrea\source\repos\course project\course project\debug\rf.obj
c:\users\unrea\source\repos\course project\course project\debug\wf.obj
c:\users\unrea\source\repos\course project\debug\course project.ilk
c:\users\unrea\source\repos\course project\debug\course project.exe
c:\users\unrea\source\repos\course project\debug\course project.pdb
c:\users\unrea\source\repos\course project\course project\debug\vc.nativecodeanalysis.all.xml
c:\users\unrea\source\repos\course project\course project\debug\course project.tlog\cl.command.1.tlog
c:\users\unrea\source\repos\course project\course project\debug\course project.tlog\cl.read.1.tlog
c:\users\unrea\source\repos\course project\course project\debug\course project.tlog\cl.write.1.tlog
c:\users\unrea\source\repos\course project\course project\debug\course project.tlog\link.command.1.tlog
c:\users\unrea\source\repos\course project\course project\debug\course project.tlog\link.read.1.tlog
c:\users\unrea\source\repos\course project\course project\debug\course project.tlog\link.write.1.tlog
